[debug] [2021-05-25T22:57:32.647Z] ----------------------------------------------------------------------
[debug] [2021-05-25T22:57:32.651Z] Command:       C:\Program Files\nodejs\node.exe C:\Users\dhm20\AppData\Roaming\npm\node_modules\firebase-tools\lib\bin\firebase.js init
[debug] [2021-05-25T22:57:32.651Z] CLI Version:   9.1.2
[debug] [2021-05-25T22:57:32.652Z] Platform:      win32
[debug] [2021-05-25T22:57:32.652Z] Node Version:  v16.1.0
[debug] [2021-05-25T22:57:32.653Z] Time:          Tue May 25 2021 17:57:32 GMT-0500 (Central Daylight Time)
[debug] [2021-05-25T22:57:32.653Z] ----------------------------------------------------------------------
[debug] [2021-05-25T22:57:32.654Z] 
[debug] [2021-05-25T22:57:32.665Z] > command requires scopes: ["email","openid","https://www.googleapis.com/auth/cloudplatformprojects.readonly","https://www.googleapis.com/auth/firebase","https://www.googleapis.com/auth/cloud-platform"]
[debug] [2021-05-25T22:57:32.666Z] > authorizing via signed-in user
[info] 
     ######## #### ########  ######## ########     ###     ######  ########
     ##        ##  ##     ## ##       ##     ##  ##   ##  ##       ##
     ######    ##  ########  ######   ########  #########  ######  ######
     ##        ##  ##    ##  ##       ##     ## ##     ##       ## ##
     ##       #### ##     ## ######## ########  ##     ##  ######  ########

You're about to initialize a Firebase project in this directory:

  C:\Users\dhm20\Desktop\Mini Project\ReactJS\disney-plus-clone

[info] 
=== Project Setup
[info] 
[info] First, let's associate this project directory with a Firebase project.
[info] You can create multiple project aliases by running firebase use --add, 
[info] but for now we'll just set up a default project.
[info] 
[info] i  If you want to create a project in a Google Cloud organization or folder, please use "firebase projects:create" instead, and return to this command when you've created the project. 
[debug] [2021-05-25T22:58:01.660Z] >>> HTTP REQUEST POST https://cloudresourcemanager.googleapis.com/v1/projects  
 {"projectId":"disney-plus-plus","name":"disneyplus"}
[debug] [2021-05-25T22:58:02.100Z] <<< HTTP RESPONSE 200 {"content-type":"application/json; charset=UTF-8","vary":"X-Origin, Referer, Origin,Accept-Encoding","date":"Tue, 25 May 2021 22:58:01 GMT","server":"ESF","cache-control":"private","x-xss-protection":"0","x-frame-options":"SAMEORIGIN","x-content-type-options":"nosniff","server-timing":"gfet4t7; dur=264","alt-svc":"h3-29=\":443\"; ma=2592000,h3-T051=\":443\"; ma=2592000,h3-Q050=\":443\"; ma=2592000,h3-Q046=\":443\"; ma=2592000,h3-Q043=\":443\"; ma=2592000,quic=\":443\"; ma=2592000; v=\"46,43\"","accept-ranges":"none","transfer-encoding":"chunked"}
[debug] [2021-05-25T22:58:02.112Z] > refreshing access token with scopes: []
[debug] [2021-05-25T22:58:02.113Z] >>> HTTP REQUEST POST https://www.googleapis.com/oauth2/v3/token  
 <request body omitted>
[debug] [2021-05-25T22:58:02.262Z] <<< HTTP RESPONSE 200 {"cache-control":"no-cache, no-store, max-age=0, must-revalidate","date":"Tue, 25 May 2021 22:58:01 GMT","pragma":"no-cache","expires":"Mon, 01 Jan 1990 00:00:00 GMT","content-type":"application/json; charset=utf-8","vary":"X-Origin, Referer, Origin,Accept-Encoding","server":"scaffolding on HTTPServer2","x-xss-protection":"0","x-frame-options":"SAMEORIGIN","x-content-type-options":"nosniff","alt-svc":"h3-29=\":443\"; ma=2592000,h3-T051=\":443\"; ma=2592000,h3-Q050=\":443\"; ma=2592000,h3-Q046=\":443\"; ma=2592000,h3-Q043=\":443\"; ma=2592000,quic=\":443\"; ma=2592000; v=\"46,43\"","accept-ranges":"none","transfer-encoding":"chunked"}
[debug] [2021-05-25T22:58:02.277Z] >>> [apiv2][query] GET https://cloudresourcemanager.googleapis.com/v1/operations/cp.4693965424647608968 [none]
[debug] [2021-05-25T22:58:02.574Z] <<< [apiv2][status] GET https://cloudresourcemanager.googleapis.com/v1/operations/cp.4693965424647608968 200
[debug] [2021-05-25T22:58:02.574Z] <<< [apiv2][body] GET https://cloudresourcemanager.googleapis.com/v1/operations/cp.4693965424647608968 {"name":"operations/cp.4693965424647608968"}
[debug] [2021-05-25T22:58:03.089Z] [Project Creation Poller] Retrying task index 0
[debug] [2021-05-25T22:58:03.091Z] >>> [apiv2][query] GET https://cloudresourcemanager.googleapis.com/v1/operations/cp.4693965424647608968 [none]
[debug] [2021-05-25T22:58:03.386Z] <<< [apiv2][status] GET https://cloudresourcemanager.googleapis.com/v1/operations/cp.4693965424647608968 200
[debug] [2021-05-25T22:58:03.386Z] <<< [apiv2][body] GET https://cloudresourcemanager.googleapis.com/v1/operations/cp.4693965424647608968 {"name":"operations/cp.4693965424647608968"}
[debug] [2021-05-25T22:58:04.400Z] [Project Creation Poller] Retrying task index 0
[debug] [2021-05-25T22:58:04.401Z] >>> [apiv2][query] GET https://cloudresourcemanager.googleapis.com/v1/operations/cp.4693965424647608968 [none]
[debug] [2021-05-25T22:58:04.701Z] <<< [apiv2][status] GET https://cloudresourcemanager.googleapis.com/v1/operations/cp.4693965424647608968 200
[debug] [2021-05-25T22:58:04.701Z] <<< [apiv2][body] GET https://cloudresourcemanager.googleapis.com/v1/operations/cp.4693965424647608968 {"name":"operations/cp.4693965424647608968","metadata":{"@type":"type.googleapis.com/google.cloudresourcemanager.v1.ProjectCreationStatus","gettable":true}}
[debug] [2021-05-25T22:58:06.711Z] [Project Creation Poller] Retrying task index 0
[debug] [2021-05-25T22:58:06.715Z] >>> [apiv2][query] GET https://cloudresourcemanager.googleapis.com/v1/operations/cp.4693965424647608968 [none]
[debug] [2021-05-25T22:58:07.079Z] <<< [apiv2][status] GET https://cloudresourcemanager.googleapis.com/v1/operations/cp.4693965424647608968 200
[debug] [2021-05-25T22:58:07.080Z] <<< [apiv2][body] GET https://cloudresourcemanager.googleapis.com/v1/operations/cp.4693965424647608968 {"name":"operations/cp.4693965424647608968","metadata":{"@type":"type.googleapis.com/google.cloudresourcemanager.v1.ProjectCreationStatus","gettable":true,"ready":true},"done":true,"response":{"@type":"type.googleapis.com/google.cloudresourcemanager.v1.Project","projectNumber":"1068396075864","projectId":"disney-plus-plus","lifecycleState":"ACTIVE","name":"disneyplus","createTime":"2021-05-25T22:58:01.107Z"}}
[debug] [2021-05-25T22:58:07.087Z] > refreshing access token with scopes: ["email","https://www.googleapis.com/auth/cloud-platform","https://www.googleapis.com/auth/cloudplatformprojects.readonly","https://www.googleapis.com/auth/firebase","openid"]
[debug] [2021-05-25T22:58:07.088Z] >>> HTTP REQUEST POST https://www.googleapis.com/oauth2/v3/token  
 <request body omitted>
[debug] [2021-05-25T22:58:07.206Z] <<< HTTP RESPONSE 200 {"expires":"Mon, 01 Jan 1990 00:00:00 GMT","pragma":"no-cache","date":"Tue, 25 May 2021 22:58:06 GMT","cache-control":"no-cache, no-store, max-age=0, must-revalidate","content-type":"application/json; charset=utf-8","vary":"X-Origin, Referer, Origin,Accept-Encoding","server":"scaffolding on HTTPServer2","x-xss-protection":"0","x-frame-options":"SAMEORIGIN","x-content-type-options":"nosniff","alt-svc":"h3-29=\":443\"; ma=2592000,h3-T051=\":443\"; ma=2592000,h3-Q050=\":443\"; ma=2592000,h3-Q046=\":443\"; ma=2592000,h3-Q043=\":443\"; ma=2592000,quic=\":443\"; ma=2592000; v=\"46,43\"","accept-ranges":"none","transfer-encoding":"chunked"}
[debug] [2021-05-25T22:58:07.222Z] >>> HTTP REQUEST POST https://firebase.googleapis.com/v1beta1/projects/disney-plus-plus:addFirebase  
 
[debug] [2021-05-25T22:58:08.718Z] <<< HTTP RESPONSE 200 {"content-type":"application/json; charset=UTF-8","vary":"X-Origin, Referer, Origin,Accept-Encoding","date":"Tue, 25 May 2021 22:58:07 GMT","server":"ESF","cache-control":"private","x-xss-protection":"0","x-frame-options":"SAMEORIGIN","x-content-type-options":"nosniff","alt-svc":"h3-29=\":443\"; ma=2592000,h3-T051=\":443\"; ma=2592000,h3-Q050=\":443\"; ma=2592000,h3-Q046=\":443\"; ma=2592000,h3-Q043=\":443\"; ma=2592000,quic=\":443\"; ma=2592000; v=\"46,43\"","accept-ranges":"none","transfer-encoding":"chunked"}
[debug] [2021-05-25T22:58:08.720Z] > refreshing access token with scopes: []
[debug] [2021-05-25T22:58:08.721Z] >>> HTTP REQUEST POST https://www.googleapis.com/oauth2/v3/token  
 <request body omitted>
[debug] [2021-05-25T22:58:08.851Z] <<< HTTP RESPONSE 200 {"cache-control":"no-cache, no-store, max-age=0, must-revalidate","date":"Tue, 25 May 2021 22:58:08 GMT","pragma":"no-cache","expires":"Mon, 01 Jan 1990 00:00:00 GMT","content-type":"application/json; charset=utf-8","vary":"X-Origin, Referer, Origin,Accept-Encoding","server":"scaffolding on HTTPServer2","x-xss-protection":"0","x-frame-options":"SAMEORIGIN","x-content-type-options":"nosniff","alt-svc":"h3-29=\":443\"; ma=2592000,h3-T051=\":443\"; ma=2592000,h3-Q050=\":443\"; ma=2592000,h3-Q046=\":443\"; ma=2592000,h3-Q043=\":443\"; ma=2592000,quic=\":443\"; ma=2592000; v=\"46,43\"","accept-ranges":"none","transfer-encoding":"chunked"}
[debug] [2021-05-25T22:58:08.860Z] >>> [apiv2][query] GET https://firebase.googleapis.com/v1beta1/operations/workflows/NmZhNGM2OWYtMmYwMy00YzUwLWFjZjgtMzJhNWJkNjRkZjY4 [none]
[debug] [2021-05-25T22:58:09.234Z] <<< [apiv2][status] GET https://firebase.googleapis.com/v1beta1/operations/workflows/NmZhNGM2OWYtMmYwMy00YzUwLWFjZjgtMzJhNWJkNjRkZjY4 200
[debug] [2021-05-25T22:58:09.234Z] <<< [apiv2][body] GET https://firebase.googleapis.com/v1beta1/operations/workflows/NmZhNGM2OWYtMmYwMy00YzUwLWFjZjgtMzJhNWJkNjRkZjY4 {"name":"operations/workflows/NmZhNGM2OWYtMmYwMy00YzUwLWFjZjgtMzJhNWJkNjRkZjY4"}
[debug] [2021-05-25T22:58:09.737Z] [Add Firebase Poller] Retrying task index 0
[debug] [2021-05-25T22:58:09.738Z] >>> [apiv2][query] GET https://firebase.googleapis.com/v1beta1/operations/workflows/NmZhNGM2OWYtMmYwMy00YzUwLWFjZjgtMzJhNWJkNjRkZjY4 [none]
[debug] [2021-05-25T22:58:10.144Z] <<< [apiv2][status] GET https://firebase.googleapis.com/v1beta1/operations/workflows/NmZhNGM2OWYtMmYwMy00YzUwLWFjZjgtMzJhNWJkNjRkZjY4 200
[debug] [2021-05-25T22:58:10.145Z] <<< [apiv2][body] GET https://firebase.googleapis.com/v1beta1/operations/workflows/NmZhNGM2OWYtMmYwMy00YzUwLWFjZjgtMzJhNWJkNjRkZjY4 {"name":"operations/workflows/NmZhNGM2OWYtMmYwMy00YzUwLWFjZjgtMzJhNWJkNjRkZjY4"}
[debug] [2021-05-25T22:58:11.160Z] [Add Firebase Poller] Retrying task index 0
[debug] [2021-05-25T22:58:11.162Z] >>> [apiv2][query] GET https://firebase.googleapis.com/v1beta1/operations/workflows/NmZhNGM2OWYtMmYwMy00YzUwLWFjZjgtMzJhNWJkNjRkZjY4 [none]
[debug] [2021-05-25T22:58:11.531Z] <<< [apiv2][status] GET https://firebase.googleapis.com/v1beta1/operations/workflows/NmZhNGM2OWYtMmYwMy00YzUwLWFjZjgtMzJhNWJkNjRkZjY4 200
[debug] [2021-05-25T22:58:11.531Z] <<< [apiv2][body] GET https://firebase.googleapis.com/v1beta1/operations/workflows/NmZhNGM2OWYtMmYwMy00YzUwLWFjZjgtMzJhNWJkNjRkZjY4 {"name":"operations/workflows/NmZhNGM2OWYtMmYwMy00YzUwLWFjZjgtMzJhNWJkNjRkZjY4"}
[debug] [2021-05-25T22:58:13.542Z] [Add Firebase Poller] Retrying task index 0
[debug] [2021-05-25T22:58:13.543Z] >>> [apiv2][query] GET https://firebase.googleapis.com/v1beta1/operations/workflows/NmZhNGM2OWYtMmYwMy00YzUwLWFjZjgtMzJhNWJkNjRkZjY4 [none]
[debug] [2021-05-25T22:58:13.932Z] <<< [apiv2][status] GET https://firebase.googleapis.com/v1beta1/operations/workflows/NmZhNGM2OWYtMmYwMy00YzUwLWFjZjgtMzJhNWJkNjRkZjY4 200
[debug] [2021-05-25T22:58:13.932Z] <<< [apiv2][body] GET https://firebase.googleapis.com/v1beta1/operations/workflows/NmZhNGM2OWYtMmYwMy00YzUwLWFjZjgtMzJhNWJkNjRkZjY4 {"name":"operations/workflows/NmZhNGM2OWYtMmYwMy00YzUwLWFjZjgtMzJhNWJkNjRkZjY4"}
[debug] [2021-05-25T22:58:17.934Z] [Add Firebase Poller] Retrying task index 0
[debug] [2021-05-25T22:58:17.936Z] >>> [apiv2][query] GET https://firebase.googleapis.com/v1beta1/operations/workflows/NmZhNGM2OWYtMmYwMy00YzUwLWFjZjgtMzJhNWJkNjRkZjY4 [none]
[debug] [2021-05-25T22:58:18.136Z] <<< [apiv2][status] GET https://firebase.googleapis.com/v1beta1/operations/workflows/NmZhNGM2OWYtMmYwMy00YzUwLWFjZjgtMzJhNWJkNjRkZjY4 200
[debug] [2021-05-25T22:58:18.136Z] <<< [apiv2][body] GET https://firebase.googleapis.com/v1beta1/operations/workflows/NmZhNGM2OWYtMmYwMy00YzUwLWFjZjgtMzJhNWJkNjRkZjY4 {"name":"operations/workflows/NmZhNGM2OWYtMmYwMy00YzUwLWFjZjgtMzJhNWJkNjRkZjY4","done":true,"response":{"@type":"type.googleapis.com/google.firebase.service.v1beta1.FirebaseProject","projectId":"disney-plus-plus","projectNumber":"1068396075864","displayName":"disneyplus","name":"projects/disney-plus-plus","resources":{"hostingSite":"disney-plus-plus"}}}
[info] 
[info] === Your Firebase project is ready! ===
[info] 
[info] Project information:
[info]    - Project ID: disney-plus-plus
[info]    - Project Name: disneyplus
[info] 
[info] Firebase console is available at
[info] https://console.firebase.google.com/project/disney-plus-plus/overview
[info] i  Using project disney-plus-plus (disneyplus) 
[info] 
=== Hosting Setup
[info] 
[info] Your public directory is the folder (relative to your project directory) that
[info] will contain Hosting assets to be uploaded with firebase deploy. If you
[info] have a build process for your assets, use your build's output directory.
[info] 
